{"level":"info","message":"Initializing Playwright browser...","service":"linkedin-automation","timestamp":"2026-07-06 18:15:41"}
{"level":"info","message":"Injecting session cookies...","service":"linkedin-automation","timestamp":"2026-07-06 18:15:42"}
{"level":"info","message":"Verifying LinkedIn authentication...","service":"linkedin-automation","timestamp":"2026-07-06 18:15:42"}
{"level":"info","message":"Authentication successful! Reached LinkedIn feed.","service":"linkedin-automation","timestamp":"2026-07-06 18:15:50"}
{"level":"info","message":"SUCCESS: LinkedIn cookies are valid and working!","service":"linkedin-automation","timestamp":"2026-07-06 18:15:50"}
{"level":"info","message":"Closing Playwright browser...","service":"linkedin-automation","timestamp":"2026-07-06 18:15:50"}
{"level":"info","message":"Initializing Playwright browser...","service":"linkedin-automation","timestamp":"2026-07-06 18:43:10"}
{"level":"info","message":"Injecting session cookies...","service":"linkedin-automation","timestamp":"2026-07-06 18:43:11"}
{"level":"info","message":"Verifying LinkedIn authentication...","service":"linkedin-automation","timestamp":"2026-07-06 18:43:11"}
{"level":"info","message":"Authentication successful! Reached LinkedIn feed.","service":"linkedin-automation","timestamp":"2026-07-06 18:43:29"}
{"level":"info","message":"Searching for: \"Java Developer\" (Past 24 hours)...","service":"linkedin-automation","timestamp":"2026-07-06 18:43:29"}
{"level":"error","log":["  - navigating to \"https://www.linkedin.com/search/results/content/?datePosted=%22past-24h%22&keywords=Java%20Developer&origin=FACETED_SEARCH\", waiting until \"networkidle\""],"message":"Search test failed: page.goto: Timeout 30000ms exceeded.\nCall log:\n\u001b[2m  - navigating to \"https://www.linkedin.com/search/results/content/?datePosted=%22past-24h%22&keywords=Java%20Developer&origin=FACETED_SEARCH\", waiting until \"networkidle\"\u001b[22m\n","name":"TimeoutError","service":"linkedin-automation","stack":"page.goto: Timeout 30000ms exceeded.\nCall log:\n\u001b[2m  - navigating to \"https://www.linkedin.com/search/results/content/?datePosted=%22past-24h%22&keywords=Java%20Developer&origin=FACETED_SEARCH\", waiting until \"networkidle\"\u001b[22m\n\n    at LinkedInService.searchPosts (C:\\Users\\shiva\\OneDrive\\Desktop\\Assignment\\src\\services\\linkedin.ts:89:21)\n    at testSearch (C:\\Users\\shiva\\OneDrive\\Desktop\\Assignment\\src\\scripts\\test-search.ts:13:32)","timestamp":"2026-07-06 18:43:59"}
{"level":"info","message":"Closing Playwright browser...","service":"linkedin-automation","timestamp":"2026-07-06 18:43:59"}
{"level":"info","message":"Initializing Playwright browser...","service":"linkedin-automation","timestamp":"2026-07-06 18:44:36"}
{"level":"info","message":"Injecting session cookies...","service":"linkedin-automation","timestamp":"2026-07-06 18:44:36"}
{"level":"info","message":"Verifying LinkedIn authentication...","service":"linkedin-automation","timestamp":"2026-07-06 18:44:36"}
{"level":"error","log":["  - navigating to \"https://www.linkedin.com/feed/\", waiting until \"domcontentloaded\""],"message":"Search test failed: page.goto: net::ERR_TOO_MANY_REDIRECTS at https://www.linkedin.com/feed/\nCall log:\n\u001b[2m  - navigating to \"https://www.linkedin.com/feed/\", waiting until \"domcontentloaded\"\u001b[22m\n","name":"Error","service":"linkedin-automation","stack":"page.goto: net::ERR_TOO_MANY_REDIRECTS at https://www.linkedin.com/feed/\nCall log:\n\u001b[2m  - navigating to \"https://www.linkedin.com/feed/\", waiting until \"domcontentloaded\"\u001b[22m\n\n    at LinkedInService.verifyLogin (C:\\Users\\shiva\\OneDrive\\Desktop\\Assignment\\src\\services\\linkedin.ts:55:21)\n    at testSearch (C:\\Users\\shiva\\OneDrive\\Desktop\\Assignment\\src\\scripts\\test-search.ts:10:19)","timestamp":"2026-07-06 18:44:49"}
{"level":"info","message":"Closing Playwright browser...","service":"linkedin-automation","timestamp":"2026-07-06 18:44:49"}
{"level":"info","message":"Initializing Playwright browser...","service":"linkedin-automation","timestamp":"2026-07-06 18:45:36"}
{"level":"info","message":"Injecting session cookies...","service":"linkedin-automation","timestamp":"2026-07-06 18:45:36"}
{"level":"info","message":"Searching for: \"Java Developer\" (Past 24 hours)...","service":"linkedin-automation","timestamp":"2026-07-06 18:45:36"}
{"level":"error","log":["  - navigating to \"https://www.linkedin.com/search/results/content/?datePosted=%22past-24h%22&keywords=Java%20Developer&origin=FACETED_SEARCH\", waiting until \"domcontentloaded\""],"message":"Search test failed: page.goto: net::ERR_TOO_MANY_REDIRECTS at https://www.linkedin.com/search/results/content/?datePosted=%22past-24h%22&keywords=Java%20Developer&origin=FACETED_SEARCH\nCall log:\n\u001b[2m  - navigating to \"https://www.linkedin.com/search/results/content/?datePosted=%22past-24h%22&keywords=Java%20Developer&origin=FACETED_SEARCH\", waiting until \"domcontentloaded\"\u001b[22m\n","name":"Error","service":"linkedin-automation","stack":"page.goto: net::ERR_TOO_MANY_REDIRECTS at https://www.linkedin.com/search/results/content/?datePosted=%22past-24h%22&keywords=Java%20Developer&origin=FACETED_SEARCH\nCall log:\n\u001b[2m  - navigating to \"https://www.linkedin.com/search/results/content/?datePosted=%22past-24h%22&keywords=Java%20Developer&origin=FACETED_SEARCH\", waiting until \"domcontentloaded\"\u001b[22m\n\n    at LinkedInService.searchPosts (C:\\Users\\shiva\\OneDrive\\Desktop\\Assignment\\src\\services\\linkedin.ts:89:21)\n    at testSearch (C:\\Users\\shiva\\OneDrive\\Desktop\\Assignment\\src\\scripts\\test-search.ts:13:32)","timestamp":"2026-07-06 18:45:50"}
{"level":"info","message":"Closing Playwright browser...","service":"linkedin-automation","timestamp":"2026-07-06 18:45:50"}
{"level":"info","message":"Initializing Playwright browser...","service":"linkedin-automation","timestamp":"2026-07-06 18:46:49"}
{"level":"info","message":"Injecting session cookies...","service":"linkedin-automation","timestamp":"2026-07-06 18:46:49"}
{"level":"info","message":"Searching for: \"Java Developer\" (Past 24 hours)...","service":"linkedin-automation","timestamp":"2026-07-06 18:46:49"}
{"level":"error","log":["  - navigating to \"https://www.linkedin.com/search/results/content/?datePosted=%22past-24h%22&keywords=Java%20Developer&origin=FACETED_SEARCH\", waiting until \"domcontentloaded\""],"message":"Search test failed: page.goto: net::ERR_TOO_MANY_REDIRECTS at https://www.linkedin.com/search/results/content/?datePosted=%22past-24h%22&keywords=Java%20Developer&origin=FACETED_SEARCH\nCall log:\n\u001b[2m  - navigating to \"https://www.linkedin.com/search/results/content/?datePosted=%22past-24h%22&keywords=Java%20Developer&origin=FACETED_SEARCH\", waiting until \"domcontentloaded\"\u001b[22m\n","name":"Error","service":"linkedin-automation","stack":"page.goto: net::ERR_TOO_MANY_REDIRECTS at https://www.linkedin.com/search/results/content/?datePosted=%22past-24h%22&keywords=Java%20Developer&origin=FACETED_SEARCH\nCall log:\n\u001b[2m  - navigating to \"https://www.linkedin.com/search/results/content/?datePosted=%22past-24h%22&keywords=Java%20Developer&origin=FACETED_SEARCH\", waiting until \"domcontentloaded\"\u001b[22m\n\n    at LinkedInService.searchPosts (C:\\Users\\shiva\\OneDrive\\Desktop\\Assignment\\src\\services\\linkedin.ts:92:21)\n    at testSearch (C:\\Users\\shiva\\OneDrive\\Desktop\\Assignment\\src\\scripts\\test-search.ts:13:32)","timestamp":"2026-07-06 18:46:58"}
{"level":"info","message":"Closing Playwright browser...","service":"linkedin-automation","timestamp":"2026-07-06 18:46:58"}
{"level":"info","message":"Initializing Playwright browser...","service":"linkedin-automation","timestamp":"2026-07-06 18:55:42"}
{"level":"info","message":"Injecting session cookies...","service":"linkedin-automation","timestamp":"2026-07-06 18:55:43"}
{"level":"info","message":"Searching for: \"Java Developer\" (Past 24 hours)...","service":"linkedin-automation","timestamp":"2026-07-06 18:55:43"}
{"level":"info","message":"Scrolling page 1/3...","service":"linkedin-automation","timestamp":"2026-07-06 18:55:53"}
{"level":"info","message":"Scrolling page 2/3...","service":"linkedin-automation","timestamp":"2026-07-06 18:55:57"}
{"level":"info","message":"Scrolling page 3/3...","service":"linkedin-automation","timestamp":"2026-07-06 18:56:00"}
{"level":"info","message":"Captured 0 background network responses during search.","service":"linkedin-automation","timestamp":"2026-07-06 18:56:04"}
{"level":"info","message":"Successfully saved 0 intercepted responses to data.json","service":"linkedin-automation","timestamp":"2026-07-06 18:56:04"}
{"level":"info","message":"Closing Playwright browser...","service":"linkedin-automation","timestamp":"2026-07-06 18:56:04"}
{"level":"info","message":"Initializing Playwright browser...","service":"linkedin-automation","timestamp":"2026-07-06 18:57:24"}
{"level":"info","message":"Injecting session cookies...","service":"linkedin-automation","timestamp":"2026-07-06 18:57:24"}
{"level":"info","message":"Searching for: \"Java Developer\" (Past 24 hours)...","service":"linkedin-automation","timestamp":"2026-07-06 18:57:24"}
{"level":"error","log":["  - navigating to \"https://www.linkedin.com/search/results/content/?datePosted=%22past-24h%22&keywords=Java%20Developer&origin=FACETED_SEARCH\", waiting until \"domcontentloaded\""],"message":"Search test failed: page.goto: net::ERR_TOO_MANY_REDIRECTS at https://www.linkedin.com/search/results/content/?datePosted=%22past-24h%22&keywords=Java%20Developer&origin=FACETED_SEARCH\nCall log:\n\u001b[2m  - navigating to \"https://www.linkedin.com/search/results/content/?datePosted=%22past-24h%22&keywords=Java%20Developer&origin=FACETED_SEARCH\", waiting until \"domcontentloaded\"\u001b[22m\n","name":"Error","service":"linkedin-automation","stack":"page.goto: net::ERR_TOO_MANY_REDIRECTS at https://www.linkedin.com/search/results/content/?datePosted=%22past-24h%22&keywords=Java%20Developer&origin=FACETED_SEARCH\nCall log:\n\u001b[2m  - navigating to \"https://www.linkedin.com/search/results/content/?datePosted=%22past-24h%22&keywords=Java%20Developer&origin=FACETED_SEARCH\", waiting until \"domcontentloaded\"\u001b[22m\n\n    at LinkedInService.searchPosts (C:\\Users\\shiva\\OneDrive\\Desktop\\Assignment\\src\\services\\linkedin.ts:94:21)\n    at testSearch (C:\\Users\\shiva\\OneDrive\\Desktop\\Assignment\\src\\scripts\\test-search.ts:13:32)","timestamp":"2026-07-06 18:57:51"}
{"level":"info","message":"Closing Playwright browser...","service":"linkedin-automation","timestamp":"2026-07-06 18:57:51"}
{"level":"info","message":"Initializing Playwright browser...","service":"linkedin-automation","timestamp":"2026-07-06 18:58:36"}
{"level":"info","message":"Injecting session cookies...","service":"linkedin-automation","timestamp":"2026-07-06 18:58:36"}
{"level":"info","message":"Warming up session by visiting homepage...","service":"linkedin-automation","timestamp":"2026-07-06 18:58:37"}
{"level":"error","log":["  - navigating to \"https://www.linkedin.com/\", waiting until \"domcontentloaded\""],"message":"Search test failed: page.goto: Timeout 30000ms exceeded.\nCall log:\n\u001b[2m  - navigating to \"https://www.linkedin.com/\", waiting until \"domcontentloaded\"\u001b[22m\n","name":"TimeoutError","service":"linkedin-automation","stack":"page.goto: Timeout 30000ms exceeded.\nCall log:\n\u001b[2m  - navigating to \"https://www.linkedin.com/\", waiting until \"domcontentloaded\"\u001b[22m\n\n    at LinkedInService.searchPosts (C:\\Users\\shiva\\OneDrive\\Desktop\\Assignment\\src\\services\\linkedin.ts:90:21)\n    at testSearch (C:\\Users\\shiva\\OneDrive\\Desktop\\Assignment\\src\\scripts\\test-search.ts:13:32)","timestamp":"2026-07-06 18:59:07"}
{"level":"info","message":"Closing Playwright browser...","service":"linkedin-automation","timestamp":"2026-07-06 18:59:07"}
{"level":"info","message":"Initializing Playwright browser...","service":"linkedin-automation","timestamp":"2026-07-06 19:00:16"}
{"level":"info","message":"Injecting session cookies...","service":"linkedin-automation","timestamp":"2026-07-06 19:00:16"}
{"level":"info","message":"Warming up session by visiting homepage...","service":"linkedin-automation","timestamp":"2026-07-06 19:00:16"}
{"level":"info","message":"Warmup navigation timed out or redirected, continuing...","service":"linkedin-automation","timestamp":"2026-07-06 19:00:31"}
{"level":"info","message":"Searching for: \"Java Developer\" (Past 24 hours)...","service":"linkedin-automation","timestamp":"2026-07-06 19:00:34"}
{"level":"info","message":"Search navigation timed out, continuing to scroll...","service":"linkedin-automation","timestamp":"2026-07-06 19:00:43"}
{"level":"info","message":"Scrolling page 1/3...","service":"linkedin-automation","timestamp":"2026-07-06 19:00:48"}
{"level":"info","message":"Scrolling page 2/3...","service":"linkedin-automation","timestamp":"2026-07-06 19:01:11"}
{"level":"info","message":"Scrolling page 3/3...","service":"linkedin-automation","timestamp":"2026-07-06 19:01:14"}
{"level":"error","log":[],"message":"Search test failed: page.evaluate: Target page, context or browser has been closed","service":"linkedin-automation","stack":"page.evaluate: Target page, context or browser has been closed\n    at LinkedInService.searchPosts (C:\\Users\\shiva\\OneDrive\\Desktop\\Assignment\\src\\services\\linkedin.ts:112:23)\n    at async testSearch (C:\\Users\\shiva\\OneDrive\\Desktop\\Assignment\\src\\scripts\\test-search.ts:13:18)","timestamp":"2026-07-06 19:01:21"}
{"level":"info","message":"Closing Playwright browser...","service":"linkedin-automation","timestamp":"2026-07-06 19:01:21"}
{"level":"info","message":"Initializing Playwright browser with stealth plugin...","service":"linkedin-automation","timestamp":"2026-07-06 19:49:13"}
{"level":"info","message":"Injecting session cookies...","service":"linkedin-automation","timestamp":"2026-07-06 19:49:14"}
{"level":"info","message":"Warming up session by visiting homepage...","service":"linkedin-automation","timestamp":"2026-07-06 19:49:14"}
{"level":"info","message":"Warmup navigation timed out or redirected, continuing...","service":"linkedin-automation","timestamp":"2026-07-06 19:49:29"}
{"level":"info","message":"Searching for: \"Java Developer\" (Past 24 hours)...","service":"linkedin-automation","timestamp":"2026-07-06 19:49:32"}
{"level":"info","message":"Search navigation timed out, continuing to scroll...","service":"linkedin-automation","timestamp":"2026-07-06 19:49:47"}
{"level":"info","message":"Scrolling page 1/3...","service":"linkedin-automation","timestamp":"2026-07-06 19:49:52"}
{"level":"error","log":[],"message":"Search test failed: page.evaluate: Execution context was destroyed, most likely because of a navigation","name":"Error","service":"linkedin-automation","stack":"page.evaluate: Execution context was destroyed, most likely because of a navigation\n    at LinkedInService.searchPosts (C:\\Users\\shiva\\OneDrive\\Desktop\\Assignment\\src\\services\\linkedin.ts:115:23)\n    at async testSearch (C:\\Users\\shiva\\OneDrive\\Desktop\\Assignment\\src\\scripts\\test-search.ts:13:18)","timestamp":"2026-07-06 19:49:54"}
{"level":"info","message":"Closing Playwright browser...","service":"linkedin-automation","timestamp":"2026-07-06 19:49:54"}
{"level":"info","message":"Connecting to your live Chrome browser...","service":"linkedin-automation","timestamp":"2026-07-06 19:55:10"}
{"level":"error","message":"Search test failed: Could not connect to Chrome. Please make sure Chrome is running with --remote-debugging-port=9222.\nError: browserType.connectOverCDP: connect ECONNREFUSED ::1:9222\nCall log:\n\u001b[2m  - <ws preparing> retrieving websocket url from http://localhost:9222\u001b[22m\n","service":"linkedin-automation","stack":"Error: Could not connect to Chrome. Please make sure Chrome is running with --remote-debugging-port=9222.\nError: browserType.connectOverCDP: connect ECONNREFUSED ::1:9222\nCall log:\n\u001b[2m  - <ws preparing> retrieving websocket url from http://localhost:9222\u001b[22m\n\n    at LinkedInService.initialize (C:\\Users\\shiva\\OneDrive\\Desktop\\Assignment\\src\\services\\linkedin.ts:22:13)\n    at async testSearch (C:\\Users\\shiva\\OneDrive\\Desktop\\Assignment\\src\\scripts\\test-search.ts:9:5)","timestamp":"2026-07-06 19:55:10"}
{"level":"info","message":"Closing Playwright browser...","service":"linkedin-automation","timestamp":"2026-07-06 19:55:10"}
{"level":"info","message":"Connecting to your live Chrome browser...","service":"linkedin-automation","timestamp":"2026-07-06 19:58:22"}
{"level":"info","message":"Warming up session by visiting homepage...","service":"linkedin-automation","timestamp":"2026-07-06 19:58:23"}
{"level":"info","message":"Searching for: \"Java Developer\" (Past 24 hours)...","service":"linkedin-automation","timestamp":"2026-07-06 19:58:30"}
{"level":"info","message":"Scrolling page 1/3...","service":"linkedin-automation","timestamp":"2026-07-06 19:58:38"}
{"level":"info","message":"Scrolling page 2/3...","service":"linkedin-automation","timestamp":"2026-07-06 19:58:41"}
{"level":"info","message":"Scrolling page 3/3...","service":"linkedin-automation","timestamp":"2026-07-06 19:58:44"}
{"level":"info","message":"Captured 29 background network responses during search.","service":"linkedin-automation","timestamp":"2026-07-06 19:58:48"}
{"level":"info","message":"Successfully saved 29 intercepted responses to data.json","service":"linkedin-automation","timestamp":"2026-07-06 19:58:48"}
{"level":"info","message":"Closing Playwright browser...","service":"linkedin-automation","timestamp":"2026-07-06 19:58:48"}
{"level":"info","message":"Connecting to your live Chrome browser...","service":"linkedin-automation","timestamp":"2026-07-06 20:04:45"}
{"level":"info","message":"Searching for: \"Java Developer\" (Past 24 hours)...","service":"linkedin-automation","timestamp":"2026-07-06 20:04:45"}
{"level":"info","message":"Waiting for search results to load...","service":"linkedin-automation","timestamp":"2026-07-06 20:04:47"}
{"level":"info","message":"Selector not found, waiting extra time...","service":"linkedin-automation","timestamp":"2026-07-06 20:04:57"}
{"level":"info","message":"Scrolling page 1/3...","service":"linkedin-automation","timestamp":"2026-07-06 20:05:00"}
{"level":"info","message":"Scrolling page 2/3...","service":"linkedin-automation","timestamp":"2026-07-06 20:05:02"}
{"level":"info","message":"Scrolling page 3/3...","service":"linkedin-automation","timestamp":"2026-07-06 20:05:05"}
{"level":"info","message":"Captured 29 background network responses during search.","service":"linkedin-automation","timestamp":"2026-07-06 20:05:08"}
{"level":"info","message":"Extracting post data from DOM...","service":"linkedin-automation","timestamp":"2026-07-06 20:05:08"}
{"level":"info","message":"Extracted 0 posts from DOM.","service":"linkedin-automation","timestamp":"2026-07-06 20:05:08"}
{"level":"info","message":"Saved 29 network responses to data.json","service":"linkedin-automation","timestamp":"2026-07-06 20:05:08"}
{"level":"info","message":"Saved 0 DOM posts to dom-posts.json","service":"linkedin-automation","timestamp":"2026-07-06 20:05:08"}
{"level":"info","message":"Closing Playwright browser...","service":"linkedin-automation","timestamp":"2026-07-06 20:05:08"}
{"level":"info","message":"Connecting to your live Chrome browser...","service":"linkedin-automation","timestamp":"2026-07-06 20:15:29"}
{"level":"info","message":"Searching for: \"Java Developer\" (Past 24 hours)...","service":"linkedin-automation","timestamp":"2026-07-06 20:15:30"}
{"level":"info","message":"Waiting for search results to load...","service":"linkedin-automation","timestamp":"2026-07-06 20:15:31"}
{"level":"info","message":"Selector not found, waiting extra time...","service":"linkedin-automation","timestamp":"2026-07-06 20:15:41"}
{"level":"info","message":"Scrolling page 1/3...","service":"linkedin-automation","timestamp":"2026-07-06 20:15:44"}
{"level":"info","message":"Scrolling page 2/3...","service":"linkedin-automation","timestamp":"2026-07-06 20:15:48"}
{"level":"info","message":"Scrolling page 3/3...","service":"linkedin-automation","timestamp":"2026-07-06 20:15:52"}
{"level":"info","message":"Captured 29 background network responses during search.","service":"linkedin-automation","timestamp":"2026-07-06 20:15:54"}
{"level":"info","message":"Extracting post data from raw text...","service":"linkedin-automation","timestamp":"2026-07-06 20:15:54"}
{"level":"info","message":"Extracted 9 posts from raw text.","service":"linkedin-automation","timestamp":"2026-07-06 20:15:54"}
{"level":"info","message":"Saved 29 network responses to data.json","service":"linkedin-automation","timestamp":"2026-07-06 20:15:54"}
{"level":"info","message":"Saved 9 DOM posts to dom-posts.json","service":"linkedin-automation","timestamp":"2026-07-06 20:15:54"}
{"level":"info","message":"=== Preview of extracted posts ===","service":"linkedin-automation","timestamp":"2026-07-06 20:15:54"}
{"level":"info","message":"Closing Playwright browser...","service":"linkedin-automation","timestamp":"2026-07-06 20:15:54"}
{"level":"info","message":"Connecting to your live Chrome browser...","service":"linkedin-automation","timestamp":"2026-07-06 20:23:20"}
{"level":"info","message":"Searching for: \"Java Developer\" (Past 24 hours)...","service":"linkedin-automation","timestamp":"2026-07-06 20:23:21"}
{"level":"info","message":"Waiting for search results to load...","service":"linkedin-automation","timestamp":"2026-07-06 20:23:27"}
{"level":"info","message":"Selector not found, waiting extra time...","service":"linkedin-automation","timestamp":"2026-07-06 20:23:37"}
{"level":"info","message":"Scrolling page 1/3...","service":"linkedin-automation","timestamp":"2026-07-06 20:23:40"}
{"level":"info","message":"Scrolling page 2/3...","service":"linkedin-automation","timestamp":"2026-07-06 20:23:43"}
{"level":"info","message":"Scrolling page 3/3...","service":"linkedin-automation","timestamp":"2026-07-06 20:23:45"}
{"level":"info","message":"Captured 29 background network responses during search.","service":"linkedin-automation","timestamp":"2026-07-06 20:23:48"}
{"level":"info","message":"Extracting post data from raw text...","service":"linkedin-automation","timestamp":"2026-07-06 20:23:48"}
{"level":"info","message":"Extracted 9 posts from raw text.","service":"linkedin-automation","timestamp":"2026-07-06 20:23:48"}
{"level":"info","message":"Saved 29 network responses to data.json","service":"linkedin-automation","timestamp":"2026-07-06 20:23:48"}
{"code":"MODULE_NOT_FOUND","level":"error","message":"Search test failed: Cannot find module '.prisma/client/default'\nRequire stack:\n- C:\\Users\\shiva\\OneDrive\\Desktop\\Assignment\\node_modules\\@prisma\\client\\default.js\n- C:\\Users\\shiva\\OneDrive\\Desktop\\Assignment\\src\\scripts\\test-search.ts","requireStack":["C:\\Users\\shiva\\OneDrive\\Desktop\\Assignment\\node_modules\\@prisma\\client\\default.js","C:\\Users\\shiva\\OneDrive\\Desktop\\Assignment\\src\\scripts\\test-search.ts"],"service":"linkedin-automation","stack":"Error: Cannot find module '.prisma/client/default'\nRequire stack:\n- C:\\Users\\shiva\\OneDrive\\Desktop\\Assignment\\node_modules\\@prisma\\client\\default.js\n- C:\\Users\\shiva\\OneDrive\\Desktop\\Assignment\\src\\scripts\\test-search.ts\n    at Module.<anonymous> (node:internal/modules/cjs/loader:1448:15)\n    at Module._resolveFilename.sharedData.moduleResolveFilenameHook.installedValue [as _resolveFilename] (C:\\Users\\shiva\\OneDrive\\Desktop\\Assignment\\node_modules\\@cspotcode\\source-map-support\\source-map-support.js:811:30)\n    at defaultResolveImpl (node:internal/modules/cjs/loader:1059:19)\n    at resolveForCJSWithHooks (node:internal/modules/cjs/loader:1064:22)\n    at Module._load (node:internal/modules/cjs/loader:1234:25)\n    at TracingChannel.traceSync (node:diagnostics_channel:328:14)\n    at wrapModuleLoad (node:internal/modules/cjs/loader:245:24)\n    at Module.require (node:internal/modules/cjs/loader:1548:12)\n    at require (node:internal/modules/helpers:152:16)\n    at Object.<anonymous> (C:\\Users\\shiva\\OneDrive\\Desktop\\Assignment\\node_modules\\@prisma\\client\\default.js:2:6)","timestamp":"2026-07-06 20:23:48"}
{"level":"info","message":"Closing Playwright browser...","service":"linkedin-automation","timestamp":"2026-07-06 20:23:48"}
{"level":"info","message":"Connecting to your live Chrome browser...","service":"linkedin-automation","timestamp":"2026-07-06 20:24:40"}
{"level":"info","message":"Searching for: \"Java Developer\" (Past 24 hours)...","service":"linkedin-automation","timestamp":"2026-07-06 20:24:40"}
{"level":"info","message":"Waiting for search results to load...","service":"linkedin-automation","timestamp":"2026-07-06 20:24:42"}
{"level":"info","message":"Selector not found, waiting extra time...","service":"linkedin-automation","timestamp":"2026-07-06 20:24:52"}
{"level":"info","message":"Scrolling page 1/3...","service":"linkedin-automation","timestamp":"2026-07-06 20:24:55"}
{"level":"info","message":"Scrolling page 2/3...","service":"linkedin-automation","timestamp":"2026-07-06 20:24:58"}
{"level":"info","message":"Scrolling page 3/3...","service":"linkedin-automation","timestamp":"2026-07-06 20:25:01"}
{"level":"info","message":"Captured 29 background network responses during search.","service":"linkedin-automation","timestamp":"2026-07-06 20:25:04"}
{"level":"info","message":"Extracting post data from raw text...","service":"linkedin-automation","timestamp":"2026-07-06 20:25:04"}
{"level":"info","message":"Extracted 9 posts from raw text.","service":"linkedin-automation","timestamp":"2026-07-06 20:25:04"}
{"level":"info","message":"Saved 29 network responses to data.json","service":"linkedin-automation","timestamp":"2026-07-06 20:25:04"}
{"clientVersion":"7.8.0","level":"error","message":"Search test failed: `PrismaClient` needs to be constructed with a non-empty, valid `PrismaClientOptions`:\n\n```\nnew PrismaClient({\n  ...\n})\n```\n\nor\n\n```\nconstructor() {\n  super({ ... });\n}\n```\n          ","name":"PrismaClientInitializationError","service":"linkedin-automation","stack":"PrismaClientInitializationError: `PrismaClient` needs to be constructed with a non-empty, valid `PrismaClientOptions`:\n\n```\nnew PrismaClient({\n  ...\n})\n```\n\nor\n\n```\nconstructor() {\n  super({ ... });\n}\n```\n          \n    at new t (C:\\Users\\shiva\\OneDrive\\Desktop\\Assignment\\node_modules\\@prisma\\client\\src\\runtime\\getPrismaClient.ts:336:15)\n    at testSearch (C:\\Users\\shiva\\OneDrive\\Desktop\\Assignment\\src\\scripts\\test-search.ts:21:20)","timestamp":"2026-07-06 20:25:04"}
{"level":"info","message":"Closing Playwright browser...","service":"linkedin-automation","timestamp":"2026-07-06 20:25:04"}
{"level":"info","message":"Connecting to your live Chrome browser...","service":"linkedin-automation","timestamp":"2026-07-06 20:25:50"}
{"level":"info","message":"Searching for: \"Java Developer\" (Past 24 hours)...","service":"linkedin-automation","timestamp":"2026-07-06 20:25:51"}
{"level":"info","message":"Waiting for search results to load...","service":"linkedin-automation","timestamp":"2026-07-06 20:25:53"}
{"level":"info","message":"Selector not found, waiting extra time...","service":"linkedin-automation","timestamp":"2026-07-06 20:26:03"}
{"level":"info","message":"Scrolling page 1/3...","service":"linkedin-automation","timestamp":"2026-07-06 20:26:06"}
{"level":"info","message":"Scrolling page 2/3...","service":"linkedin-automation","timestamp":"2026-07-06 20:26:10"}
{"level":"info","message":"Scrolling page 3/3...","service":"linkedin-automation","timestamp":"2026-07-06 20:26:12"}
{"level":"info","message":"Captured 29 background network responses during search.","service":"linkedin-automation","timestamp":"2026-07-06 20:26:15"}
{"level":"info","message":"Extracting post data from raw text...","service":"linkedin-automation","timestamp":"2026-07-06 20:26:15"}
{"level":"info","message":"Extracted 9 posts from raw text.","service":"linkedin-automation","timestamp":"2026-07-06 20:26:15"}
{"level":"info","message":"Saved 29 network responses to data.json","service":"linkedin-automation","timestamp":"2026-07-06 20:26:15"}
{"clientVersion":"7.8.0","level":"error","message":"Search test failed: `PrismaClient` needs to be constructed with a non-empty, valid `PrismaClientOptions`:\n\n```\nnew PrismaClient({\n  ...\n})\n```\n\nor\n\n```\nconstructor() {\n  super({ ... });\n}\n```\n          ","name":"PrismaClientInitializationError","service":"linkedin-automation","stack":"PrismaClientInitializationError: `PrismaClient` needs to be constructed with a non-empty, valid `PrismaClientOptions`:\n\n```\nnew PrismaClient({\n  ...\n})\n```\n\nor\n\n```\nconstructor() {\n  super({ ... });\n}\n```\n          \n    at new t (C:\\Users\\shiva\\OneDrive\\Desktop\\Assignment\\node_modules\\@prisma\\client\\src\\runtime\\getPrismaClient.ts:336:15)\n    at testSearch (C:\\Users\\shiva\\OneDrive\\Desktop\\Assignment\\src\\scripts\\test-search.ts:21:20)","timestamp":"2026-07-06 20:26:16"}
{"level":"info","message":"Closing Playwright browser...","service":"linkedin-automation","timestamp":"2026-07-06 20:26:16"}
{"level":"info","message":"Connecting to your live Chrome browser...","service":"linkedin-automation","timestamp":"2026-07-06 20:26:57"}
{"level":"info","message":"Searching for: \"Java Developer\" (Past 24 hours)...","service":"linkedin-automation","timestamp":"2026-07-06 20:26:58"}
{"level":"info","message":"Waiting for search results to load...","service":"linkedin-automation","timestamp":"2026-07-06 20:27:02"}
{"level":"info","message":"Selector not found, waiting extra time...","service":"linkedin-automation","timestamp":"2026-07-06 20:27:12"}
{"level":"info","message":"Scrolling page 1/3...","service":"linkedin-automation","timestamp":"2026-07-06 20:27:15"}
{"level":"info","message":"Scrolling page 2/3...","service":"linkedin-automation","timestamp":"2026-07-06 20:27:17"}
{"level":"info","message":"Scrolling page 3/3...","service":"linkedin-automation","timestamp":"2026-07-06 20:27:20"}
{"level":"info","message":"Captured 29 background network responses during search.","service":"linkedin-automation","timestamp":"2026-07-06 20:27:23"}
{"level":"info","message":"Extracting post data from raw text...","service":"linkedin-automation","timestamp":"2026-07-06 20:27:23"}
{"level":"info","message":"Extracted 9 posts from raw text.","service":"linkedin-automation","timestamp":"2026-07-06 20:27:23"}
{"level":"info","message":"Saved 29 network responses to data.json","service":"linkedin-automation","timestamp":"2026-07-06 20:27:23"}
{"clientVersion":"7.8.0","level":"error","message":"Search test failed: `PrismaClient` needs to be constructed with a non-empty, valid `PrismaClientOptions`:\n\n```\nnew PrismaClient({\n  ...\n})\n```\n\nor\n\n```\nconstructor() {\n  super({ ... });\n}\n```\n          ","name":"PrismaClientInitializationError","service":"linkedin-automation","stack":"PrismaClientInitializationError: `PrismaClient` needs to be constructed with a non-empty, valid `PrismaClientOptions`:\n\n```\nnew PrismaClient({\n  ...\n})\n```\n\nor\n\n```\nconstructor() {\n  super({ ... });\n}\n```\n          \n    at new t (C:\\Users\\shiva\\OneDrive\\Desktop\\Assignment\\node_modules\\@prisma\\client\\src\\runtime\\getPrismaClient.ts:336:15)\n    at testSearch (C:\\Users\\shiva\\OneDrive\\Desktop\\Assignment\\src\\scripts\\test-search.ts:21:20)","timestamp":"2026-07-06 20:27:23"}
{"level":"info","message":"Closing Playwright browser...","service":"linkedin-automation","timestamp":"2026-07-06 20:27:23"}
{"level":"info","message":"Connecting to your live Chrome browser...","service":"linkedin-automation","timestamp":"2026-07-06 20:28:15"}
{"level":"info","message":"Searching for: \"Java Developer\" (Past 24 hours)...","service":"linkedin-automation","timestamp":"2026-07-06 20:28:16"}
{"level":"info","message":"Waiting for search results to load...","service":"linkedin-automation","timestamp":"2026-07-06 20:28:17"}
{"level":"info","message":"Selector not found, waiting extra time...","service":"linkedin-automation","timestamp":"2026-07-06 20:28:27"}
{"level":"info","message":"Scrolling page 1/3...","service":"linkedin-automation","timestamp":"2026-07-06 20:28:30"}
{"level":"info","message":"Scrolling page 2/3...","service":"linkedin-automation","timestamp":"2026-07-06 20:28:32"}
{"level":"info","message":"Scrolling page 3/3...","service":"linkedin-automation","timestamp":"2026-07-06 20:28:36"}
{"level":"info","message":"Captured 29 background network responses during search.","service":"linkedin-automation","timestamp":"2026-07-06 20:28:39"}
{"level":"info","message":"Extracting post data from raw text...","service":"linkedin-automation","timestamp":"2026-07-06 20:28:39"}
{"level":"info","message":"Extracted 9 posts from raw text.","service":"linkedin-automation","timestamp":"2026-07-06 20:28:39"}
{"level":"info","message":"Saved 29 network responses to data.json","service":"linkedin-automation","timestamp":"2026-07-06 20:28:39"}
{"level":"error","message":"Search test failed: Using engine type \"client\" requires either \"adapter\" or \"accelerateUrl\" to be provided to PrismaClient constructor.\nRead more at https://pris.ly/d/client-constructor","name":"PrismaClientConstructorValidationError","service":"linkedin-automation","stack":"PrismaClientConstructorValidationError: Using engine type \"client\" requires either \"adapter\" or \"accelerateUrl\" to be provided to PrismaClient constructor.\nRead more at https://pris.ly/d/client-constructor\n    at validateDependentOptions (C:\\Users\\shiva\\OneDrive\\Desktop\\Assignment\\node_modules\\@prisma\\client\\src\\runtime\\utils\\validatePrismaClientOptions.ts:250:11)\n    at validatePrismaClientOptions (C:\\Users\\shiva\\OneDrive\\Desktop\\Assignment\\node_modules\\@prisma\\client\\src\\runtime\\utils\\validatePrismaClientOptions.ts:267:3)\n    at new t (C:\\Users\\shiva\\OneDrive\\Desktop\\Assignment\\node_modules\\@prisma\\client\\src\\runtime\\getPrismaClient.ts:358:7)\n    at testSearch (C:\\Users\\shiva\\OneDrive\\Desktop\\Assignment\\src\\scripts\\test-search.ts:21:20)","timestamp":"2026-07-06 20:28:39"}
{"level":"info","message":"Closing Playwright browser...","service":"linkedin-automation","timestamp":"2026-07-06 20:28:39"}
{"level":"info","message":"Connecting to your live Chrome browser...","service":"linkedin-automation","timestamp":"2026-07-06 20:29:39"}
{"level":"info","message":"Searching for: \"Java Developer\" (Past 24 hours)...","service":"linkedin-automation","timestamp":"2026-07-06 20:29:40"}
{"level":"info","message":"Waiting for search results to load...","service":"linkedin-automation","timestamp":"2026-07-06 20:29:42"}
{"level":"info","message":"Selector not found, waiting extra time...","service":"linkedin-automation","timestamp":"2026-07-06 20:29:52"}
{"level":"info","message":"Scrolling page 1/3...","service":"linkedin-automation","timestamp":"2026-07-06 20:29:55"}
{"level":"info","message":"Scrolling page 2/3...","service":"linkedin-automation","timestamp":"2026-07-06 20:29:58"}
{"level":"info","message":"Scrolling page 3/3...","service":"linkedin-automation","timestamp":"2026-07-06 20:30:00"}
{"level":"info","message":"Captured 29 background network responses during search.","service":"linkedin-automation","timestamp":"2026-07-06 20:30:03"}
{"level":"info","message":"Extracting post data from raw text...","service":"linkedin-automation","timestamp":"2026-07-06 20:30:03"}
{"level":"info","message":"Extracted 9 posts from raw text.","service":"linkedin-automation","timestamp":"2026-07-06 20:30:03"}
{"level":"info","message":"Saved 29 network responses to data.json","service":"linkedin-automation","timestamp":"2026-07-06 20:30:04"}
{"level":"info","message":"Extracting emails and saving to database...","service":"linkedin-automation","timestamp":"2026-07-06 20:30:04"}
{"level":"info","message":"Found email tiyasha.bose@ust.com in post by Tiyasha Bose","service":"linkedin-automation","timestamp":"2026-07-06 20:30:04"}
{"level":"info","message":"Found email arti.d.recruiter@gmail.com in post by Sapna D","service":"linkedin-automation","timestamp":"2026-07-06 20:30:04"}
{"level":"info","message":"Found email phani@sradhatech.com in post by Sai Challagulla","service":"linkedin-automation","timestamp":"2026-07-06 20:30:04"}
{"level":"info","message":"Found email Vidyalakshmi.Tedlapu@quest-global.com in post by Vidya Lakshmi Sri","service":"linkedin-automation","timestamp":"2026-07-06 20:30:04"}
{"level":"info","message":"Found email vig.muskan@fincart.com in post by Muskan Vig","service":"linkedin-automation","timestamp":"2026-07-06 20:30:04"}
{"level":"info","message":"Successfully saved 9 new posts to the database.","service":"linkedin-automation","timestamp":"2026-07-06 20:30:04"}
{"level":"info","message":"Closing Playwright browser...","service":"linkedin-automation","timestamp":"2026-07-06 20:30:04"}
{"level":"info","message":"Fetching jobs and applications from database...","service":"linkedin-automation","timestamp":"2026-07-06 20:30:15"}
{"level":"info","message":"Successfully exported 5 records to extracted_leads.csv","service":"linkedin-automation","timestamp":"2026-07-06 20:30:15"}
{"level":"info","message":"Initializing Gmail transport...","service":"linkedin-automation","timestamp":"2026-07-06 20:31:11"}
{"level":"info","message":"Fetching pending job applications...","service":"linkedin-automation","timestamp":"2026-07-06 20:31:11"}
{"level":"info","message":"Sending application to tiyasha.bose@ust.com...","service":"linkedin-automation","timestamp":"2026-07-06 20:31:11"}
{"level":"error","message":"Failed to send email to tiyasha.bose@ust.com: Mail command failed: 530-5.7.0 Authentication Required. For more information, go to\n530 5.7.0  https://support.google.com/accounts/troubleshooter/2402620. d9443c01a7336-2cad77651b5sm53434085ad.42 - gsmtp","service":"linkedin-automation","timestamp":"2026-07-06 20:31:13"}
{"level":"info","message":"Sending application to arti.d.recruiter@gmail.com...","service":"linkedin-automation","timestamp":"2026-07-06 20:31:13"}
{"level":"error","message":"Failed to send email to arti.d.recruiter@gmail.com: Mail command failed: 530-5.7.0 Authentication Required. For more information, go to\n530 5.7.0  https://support.google.com/accounts/troubleshooter/2402620. 41be03b00d2f7-c9e8f3d74ccsm6601614a12.9 - gsmtp","service":"linkedin-automation","timestamp":"2026-07-06 20:31:15"}
{"level":"info","message":"Sending application to phani@sradhatech.com...","service":"linkedin-automation","timestamp":"2026-07-06 20:31:15"}
{"level":"error","message":"Failed to send email to phani@sradhatech.com: Mail command failed: 530-5.7.0 Authentication Required. For more information, go to\n530 5.7.0  https://support.google.com/accounts/troubleshooter/2402620. d9443c01a7336-2cc79ce56b7sm31175885ad.56 - gsmtp","service":"linkedin-automation","timestamp":"2026-07-06 20:31:16"}
{"level":"info","message":"Sending application to vidyalakshmi.tedlapu@quest-global.com...","service":"linkedin-automation","timestamp":"2026-07-06 20:31:16"}
{"level":"error","message":"Failed to send email to vidyalakshmi.tedlapu@quest-global.com: Mail command failed: 530-5.7.0 Authentication Required. For more information, go to\n530 5.7.0  https://support.google.com/accounts/troubleshooter/2402620. d9443c01a7336-2cad6f260a1sm52367325ad.11 - gsmtp","service":"linkedin-automation","timestamp":"2026-07-06 20:31:18"}
{"level":"info","message":"Sending application to vig.muskan@fincart.com...","service":"linkedin-automation","timestamp":"2026-07-06 20:31:18"}
{"level":"error","message":"Failed to send email to vig.muskan@fincart.com: Mail command failed: 530-5.7.0 Authentication Required. For more information, go to\n530 5.7.0  https://support.google.com/accounts/troubleshooter/2402620. 98e67ed59e1d1-38127c56b7dsm5242682a91.9 - gsmtp","service":"linkedin-automation","timestamp":"2026-07-06 20:31:21"}
{"level":"info","message":"Finished sending 0 applications.","service":"linkedin-automation","timestamp":"2026-07-06 20:31:21"}
{"level":"info","message":"Initializing Gmail transport...","service":"linkedin-automation","timestamp":"2026-07-06 20:42:44"}
{"level":"info","message":"SMTP connection verified successfully.","service":"linkedin-automation","timestamp":"2026-07-06 20:42:45"}
{"level":"info","message":"Fetching pending job applications...","service":"linkedin-automation","timestamp":"2026-07-06 20:42:45"}
{"level":"info","message":"Sending application to tiyasha.bose@ust.com...","service":"linkedin-automation","timestamp":"2026-07-06 20:42:45"}
{"level":"info","message":"Successfully sent email to tiyasha.bose@ust.com","service":"linkedin-automation","timestamp":"2026-07-06 20:42:55"}
{"level":"info","message":"Sending application to arti.d.recruiter@gmail.com...","service":"linkedin-automation","timestamp":"2026-07-06 20:42:55"}
{"level":"info","message":"Successfully sent email to arti.d.recruiter@gmail.com","service":"linkedin-automation","timestamp":"2026-07-06 20:43:04"}
{"level":"info","message":"Sending application to phani@sradhatech.com...","service":"linkedin-automation","timestamp":"2026-07-06 20:43:04"}
{"level":"info","message":"Successfully sent email to phani@sradhatech.com","service":"linkedin-automation","timestamp":"2026-07-06 20:43:08"}
{"level":"info","message":"Sending application to vidyalakshmi.tedlapu@quest-global.com...","service":"linkedin-automation","timestamp":"2026-07-06 20:43:08"}
{"level":"info","message":"Successfully sent email to vidyalakshmi.tedlapu@quest-global.com","service":"linkedin-automation","timestamp":"2026-07-06 20:43:17"}
{"level":"info","message":"Sending application to vig.muskan@fincart.com...","service":"linkedin-automation","timestamp":"2026-07-06 20:43:17"}
{"level":"info","message":"Successfully sent email to vig.muskan@fincart.com","service":"linkedin-automation","timestamp":"2026-07-06 20:43:26"}
{"level":"info","message":"Finished sending 5 applications.","service":"linkedin-automation","timestamp":"2026-07-06 20:43:26"}
{"level":"info","message":"Connecting to your live Chrome browser...","service":"linkedin-automation","timestamp":"2026-07-06 20:53:11"}
{"level":"info","message":"Starting scraper for role: python developer","service":"linkedin-automation","timestamp":"2026-07-06 20:53:13"}
{"level":"info","message":"Searching for: \"python developer\" (Past 24 hours)...","service":"linkedin-automation","timestamp":"2026-07-06 20:53:13"}
{"level":"info","message":"Waiting for search results to load...","service":"linkedin-automation","timestamp":"2026-07-06 20:53:17"}
{"level":"info","message":"Selector not found, waiting extra time...","service":"linkedin-automation","timestamp":"2026-07-06 20:53:27"}
{"level":"info","message":"Scrolling page 1/3...","service":"linkedin-automation","timestamp":"2026-07-06 20:53:30"}
{"level":"info","message":"Scrolling page 2/3...","service":"linkedin-automation","timestamp":"2026-07-06 20:53:33"}
{"level":"info","message":"Scrolling page 3/3...","service":"linkedin-automation","timestamp":"2026-07-06 20:53:36"}
{"level":"info","message":"Captured 29 background network responses during search.","service":"linkedin-automation","timestamp":"2026-07-06 20:53:40"}
{"level":"info","message":"Extracting post data from raw text...","service":"linkedin-automation","timestamp":"2026-07-06 20:53:40"}
{"level":"info","message":"Extracted 6 posts from raw text.","service":"linkedin-automation","timestamp":"2026-07-06 20:53:40"}
{"level":"info","message":"Saved 29 network responses to data.json","service":"linkedin-automation","timestamp":"2026-07-06 20:53:40"}
{"level":"info","message":"Extracting emails and saving to database...","service":"linkedin-automation","timestamp":"2026-07-06 20:53:40"}
{"level":"info","message":"Found email urvashi@bytesview.com in post by Urvashi Tyagi","service":"linkedin-automation","timestamp":"2026-07-06 20:53:40"}
{"level":"info","message":"Found email Jobs.bfs2@valuelabs.com in post by Mohit Jaiswal","service":"linkedin-automation","timestamp":"2026-07-06 20:53:40"}
{"level":"info","message":"Found email paramstaffing@paramgroups.com in post by Ms. Nisha","service":"linkedin-automation","timestamp":"2026-07-06 20:53:40"}
{"level":"info","message":"Found email Tanyakharb47@gmail.com in post by Tanu Kharb","service":"linkedin-automation","timestamp":"2026-07-06 20:53:40"}
{"level":"info","message":"Found email simhathri@kgisl.com in post by Pilli Simhathri","service":"linkedin-automation","timestamp":"2026-07-06 20:53:40"}
{"level":"info","message":"Successfully saved 6 new posts to the database.","service":"linkedin-automation","timestamp":"2026-07-06 20:53:40"}
{"level":"info","message":"Closing Playwright browser...","service":"linkedin-automation","timestamp":"2026-07-06 20:53:40"}
